"../../../Engine/Content/EditorResources/S_Actor.uasset" 0
"../../../Engine/Content/EngineFonts/Roboto.uasset" 1
"../../../Engine/Content/Functions/Engine_MaterialFunctions01/Shading/PowerToRoughness.uasset" 2
"../../../Engine/Content/Functions/Engine_MaterialFunctions01/Shading/ConvertFromDiffSpec.uasset" 3
"../../../Engine/Content/EngineMaterials/DefaultDiffuse.uasset" 4
"../../../Engine/Content/EngineMaterials/DefaultDeferredDecalMaterial.uasset" 5
"../../../Engine/Content/EngineMaterials/DefaultLightFunctionMaterial.uasset" 6
"../../../Engine/Content/Functions/Engine_MaterialFunctions02/Utility/BreakOutFloat2Components.uasset" 7
"../../../Engine/Content/EngineMaterials/DefaultPostProcessMaterial.uasset" 8
"../../../Engine/Content/EngineResources/DefaultTexture.uasset" 9
"../../../Engine/Content/Functions/Engine_MaterialFunctions01/Texturing/ScaleUVsByCenter.uasset" 10
"../../../Engine/Content/Functions/Engine_MaterialFunctions02/ScreenResolution.uasset" 11
"../../../Engine/Content/Functions/Engine_MaterialFunctions02/Texturing/ScreenAlignedUVs.uasset" 12
"../../../Engine/Content/EngineResources/WhiteSquareTexture.uasset" 13
"../../../Engine/Content/EngineMaterials/Widget3DPassThrough.uasset" 14
"../../../Engine/Content/EngineMaterials/Widget3DPassThrough_Translucent.uasset" 15
"../../../Engine/Content/EngineMaterials/Widget3DPassThrough_Translucent_OneSided.uasset" 16
"../../../Engine/Content/EngineMaterials/Widget3DPassThrough_Opaque.uasset" 17
"../../../Engine/Content/EngineMaterials/Widget3DPassThrough_Opaque_OneSided.uasset" 18
"../../../Engine/Content/EngineMaterials/Widget3DPassThrough_Masked.uasset" 19
"../../../Engine/Content/EngineMaterials/Widget3DPassThrough_Masked_OneSided.uasset" 20
"../../../Engine/Content/Maps/Templates/Thumbnails/Default.uasset" 21
"../../../Engine/Content/EditorMaterials/ParticleSystems/PSysThumbnail_NoImage.uasset" 22
"../../../Engine/Content/EditorMaterials/ParticleSystems/PSysThumbnail_OOD.uasset" 23
"../../../Engine/Content/EditorLandscapeResources/DataLayer.uasset" 24
"../../../Engine/Content/EngineDamageTypes/DmgTypeBP_Environmental.uasset" 25
"../../../Engine/Content/EngineMeshes/Sphere.uasset" 26
"../../../Engine/Content/EngineFonts/RobotoDistanceField.uasset" 27
"../../../Engine/Content/EngineMaterials/DefaultTextMaterialOpaque.uasset" 28
"../../../Engine/Content/EditorResources/S_Trigger.uasset" 29
"../../../Engine/Content/EngineResources/GradientTexture0.uasset" 30
"../../../Engine/Content/EngineResources/Black.uasset" 31
"../../../Engine/Content/EditorMaterials/MatineeGroups/MAT_Groups_Float.uasset" 32
"../../../Engine/Content/EditorMaterials/MatineeGroups/MAT_Groups_Director.uasset" 33
"../../../Engine/Content/EditorMaterials/MatineeGroups/MAT_Groups_Event.uasset" 34
"../../../Engine/Content/EditorMaterials/MatineeGroups/MAT_Groups_Anim.uasset" 35
"../../../Engine/Content/EditorMaterials/MatineeGroups/MAT_Groups_Fade.uasset" 36
"../../../Engine/Content/EditorMaterials/MatineeGroups/MAT_Groups_Move.uasset" 37
"../../../Engine/Content/EditorMaterials/MatineeGroups/MAT_Groups_Slomo.uasset" 38
"../../../Engine/Content/EditorMaterials/MatineeGroups/MAT_ColorTrack.uasset" 39
"../../../Engine/Content/EditorMaterials/MAT_Groups_Toggle.uasset" 40
"../../../Engine/Content/EditorMaterials/MatineeGroups/MAT_Groups_AudioMaster.uasset" 41
"../../../Engine/Content/EditorMaterials/MatineeGroups/MAT_Groups_Sound.uasset" 42
"../../../Engine/Content/EditorMaterials/MatineeGroups/MAT_Groups_Vector.uasset" 43
"../../../Engine/Content/EditorMaterials/MAT_Groups_Visibility.uasset" 44
"../../../Engine/Content/EngineResources/DefaultTextureCube.uasset" 45
"../../../Engine/Content/Functions/Engine_MaterialFunctions01/Opacity/CameraDepthFade.uasset" 46
"../../../Engine/Content/EngineMaterials/T_Default_Material_Grid_M.uasset" 47
"../../../Engine/Content/EngineMaterials/T_Default_Material_Grid_N.uasset" 48
"../../../Engine/Content/EngineMaterials/DefaultMaterial.uasset" 49
"../../../Engine/Content/EngineMeshes/Cylinder.uasset" 50
"../../../Engine/Content/EngineTireTypes/DefaultTireType.uasset" 51
"../../../Engine/Content/Tutorial/ContentIntroCurve.uasset" 52
"../../../Engine/Plugins/2D/Paper2D/Content/PlaceholderTextures/DummySpriteTexture.uasset" 53
"../../../Engine/Plugins/2D/Paper2D/Content/DefaultSpriteMaterial.uasset" 54
"../../../Engine/Plugins/2D/Paper2D/Content/MaskedUnlitSpriteMaterial.uasset" 55
"../../../Engine/Plugins/2D/Paper2D/Content/OpaqueUnlitSpriteMaterial.uasset" 56
"../../../Engine/Plugins/2D/Paper2D/Content/DummySprite.uasset" 57
"../../../Engine/Plugins/2D/Paper2D/Content/DefaultPaperTerrainMaterial.uasset" 58
"../../../Engine/Content/EngineMaterials/RemoveSurfaceMaterial.uasset" 59
"../../../Engine/Content/EngineDebugMaterials/DebugMeshMaterial.uasset" 60
"../../../Engine/Content/EngineMaterials/InvalidLightmapSettings.uasset" 61
"../../../Engine/Content/EngineMaterials/M_InvalidLightmapSettings.uasset" 62
"../../../Engine/Content/EditorMaterials/GizmoMaterial.uasset" 63
"../../../Engine/Content/EngineMaterials/Good64x64TilingNoiseHighFreq.uasset" 64
"../../../Engine/Content/EngineMaterials/DefaultBokeh.uasset" 65
"../../../Engine/Content/EngineMaterials/PreintegratedSkinBRDF.uasset" 66
"../../../Engine/Content/EngineMaterials/MiniFont.uasset" 67
"../../../Engine/Content/EngineMaterials/WeightMapPlaceholderTexture.uasset" 68
"../../../Engine/Content/EngineMaterials/DefaultWhiteGrid.uasset" 69
"../../../Engine/Content/EngineMaterials/DefaultPhysicalMaterial.uasset" 70
"../../../Engine/Content/EngineFonts/RobotoTiny.uasset" 71
"../../../Engine/Content/EngineResources/AICON-Red.uasset" 72
"../../../Engine/Content/EngineResources/AICON-Green.uasset" 73
"../../../LateralAdventure/Content/StarterContent/Props/Materials/M_MaterialSphere.uasset" 74
"../../../LateralAdventure/Content/StarterContent/Props/Materials/M_MaterialSphere_Plain.uasset" 75
"../../../LateralAdventure/Content/StarterContent/Props/SM_MatPreviewMesh_02.uasset" 76
"../../../LateralAdventure/Content/StarterContent/Textures/T_Shelf_M.uasset" 77
"../../../LateralAdventure/Content/StarterContent/Textures/T_Shelf_N.uasset" 78
"../../../LateralAdventure/Content/StarterContent/Props/Materials/M_Shelf.uasset" 79
"../../../LateralAdventure/Content/StarterContent/Props/SM_Shelf.uasset" 80
"../../../LateralAdventure/Content/StarterContent/Materials/M_Basic_Floor.uasset" 81
"../../../LateralAdventure/Content/StarterContent/Materials/M_Basic_Wall.uasset" 82
"../../../LateralAdventure/Content/StarterContent/Props/SM_Stairs.uasset" 83
"../../../Engine/Content/MobileResources/HUD/MobileHUDDirectionPad.uasset" 84
"../../../LateralAdventure/Content/SideScrollerBP/Textures/UE4_Logo.uasset" 85
"../../../LateralAdventure/Content/StarterContent/Audio/Light01_Cue.uasset" 86
"../../../LateralAdventure/Content/StarterContent/Audio/Light02_Cue.uasset" 87
"../../../LateralAdventure/Content/StarterContent/Shapes/Shape_Cone.uasset" 88
"../../../LateralAdventure/Content/StarterContent/Shapes/Shape_NarrowCapsule.uasset" 89
"../../../LateralAdventure/Content/StarterContent/Shapes/Shape_Pipe.uasset" 90
"../../../LateralAdventure/Content/StarterContent/Shapes/Shape_Pipe_90.uasset" 91
"../../../Engine/Content/EditorResources/AudioIcons/S_AudioComponent_AutoActivate.uasset" 92
"../../../Engine/Content/EditorResources/EmptyActor.uasset" 93
"../../../Engine/Content/MobileResources/T_MobileMenu2.uasset" 94
"../../../Engine/Content/MobileResources/HUD/VirtualJoystick_Background.uasset" 95
"../../../Engine/Content/MobileResources/HUD/VirtualJoystick_Thumb.uasset" 96
"../../../Engine/Content/MobileResources/HUD/DefaultVirtualJoysticks.uasset" 97
"../../../Engine/Content/MobileResources/HUD/LeftVirtualJoystickOnly.uasset" 98
"../../../Engine/Content/MobileResources/HUD/MobileHUDButton3.uasset" 99
"../../../Engine/Content/MobileResources/HUD/MobileHUDDirectionPad3.uasset" 100
"../../../LateralAdventure/Content/Geometry/Meshes/CubeMaterial.uasset" 101
"../../../LateralAdventure/Content/Geometry/Meshes/1M_Cube_Chamfer.uasset" 102
"../../../LateralAdventure/Content/Mannequin/Character/Mesh/UE4_Mannequin_Skeleton.uasset" 103
"../../../LateralAdventure/Content/Mannequin/Animations/ThirdPersonJump_End.uasset" 104
"../../../Engine/Content/BasicShapes/Cone.uasset" 105
"../../../Engine/Content/BasicShapes/Cylinder.uasset" 106
"../../../Engine/Content/BasicShapes/Sphere.uasset" 107
"../../../LateralAdventure/Content/SideScrollerBP/Blueprints/enviroment/decoration/Instanced_Decoration.uasset" 108
"../../../LateralAdventure/Content/StarterContent/Audio/Explosion_Cue.uasset" 109
"../../../LateralAdventure/Content/StarterContent/Textures/T_Burst_M.uasset" 110
"../../../LateralAdventure/Content/StarterContent/Particles/Materials/M_Burst.uasset" 111
"../../../LateralAdventure/Content/StarterContent/Textures/T_Explosion_SubUV.uasset" 112
"../../../LateralAdventure/Content/StarterContent/Particles/Materials/M_explosion_subUV.uasset" 113
"../../../LateralAdventure/Content/StarterContent/Particles/Materials/m_flare_01.uasset" 114
"../../../Engine/Content/Functions/Engine_MaterialFunctions01/Gradient/RadialGradient.uasset" 115
"../../../LateralAdventure/Content/StarterContent/Particles/Materials/M_radial_ramp.uasset" 116
"../../../LateralAdventure/Content/StarterContent/Textures/T_Smoke_SubUV.uasset" 117
"../../../LateralAdventure/Content/StarterContent/Textures/T_Smoke_Tiled_D.uasset" 118
"../../../LateralAdventure/Content/StarterContent/Particles/Materials/M_smoke_subUV.uasset" 119
"../../../LateralAdventure/Content/StarterContent/Particles/P_Explosion.uasset" 120
"../../../LateralAdventure/Content/StarterContent/Blueprints/Blueprint_Effect_Explosion.uasset" 121
"../../../LateralAdventure/Content/StarterContent/Audio/TwinStickFire.uasset" 122
"../../../LateralAdventure/Content/SideScrollerBP/Textures/T_TrailNoise.uasset" 123
"../../../Engine/Content/EditorResources/AudioIcons/S_AudioComponent.uasset" 124
"../../../LateralAdventure/Content/StarterContent/Shapes/Shape_TriPyramid.uasset" 125
"../../../LateralAdventure/Content/SideScrollerBP/Meshes/TwinStickUFO.uasset" 126
"../../../LateralAdventure/Content/SideScrollerBP/Meshes/TwinStickProjectile.uasset" 127
"../../../LateralAdventure/Content/SideScrollerBP/Meshes/SM_Wing_Simple.uasset" 128
"../../../LateralAdventure/Content/SideScrollerBP/Meshes/SM_Wing_Jet.uasset" 129
"../../../LateralAdventure/Content/SideScrollerBP/Meshes/SM_Wing_Discus.uasset" 130
"../../../Engine/Content/EngineMaterials/WorldGridMaterial.uasset" 131
"../../../LateralAdventure/Content/SideScrollerBP/Meshes/SM_TesselatedQuad.uasset" 132
"../../../Engine/Content/EditorResources/LightIcons/S_LightError.uasset" 133
"../../../LateralAdventure/Content/SideScrollerBP/Textures/ouch1.uasset" 134
"../../../Engine/Content/MobileResources/HUD/MobileHUDButton2_on.uasset" 135
"../../../LateralAdventure/Content/SideScrollerBP/Textures/blast.uasset" 136
"../../../LateralAdventure/Content/SideScrollerBP/Textures/key.uasset" 137
"../../../Engine/Content/MobileResources/HUD/MobileHUDButton1_on.uasset" 138
"../../../LateralAdventure/Content/StarterContent/Shapes/Shape_Wedge_A.uasset" 139
"../../../LateralAdventure/Content/SideScrollerBP/Textures/ouch.uasset" 140
"../../../Engine/Content/MobileResources/HUD/T_Castle_ThumbstickInner.uasset" 141
"../../../LateralAdventure/Content/SideScrollerBP/Textures/BasicNoise_01.uasset" 142
"../../../LateralAdventure/Content/StarterContent/Shapes/Shape_WideCapsule.uasset" 143
"../../../Engine/Content/EditorMaterials/PhAT_JointLimitMaterial.uasset" 144
"../../../Engine/Content/EditorMaterials/PreviewShadowIndicator.uasset" 145
"../../../Engine/Content/EditorMaterials/PreviewShadowIndicatorMaterial.uasset" 146
"../../../Engine/Content/EditorResources/BSPVertex.uasset" 147
"../../../Engine/Content/EngineDebugMaterials/HeatmapGradient.uasset" 148
"../../../Engine/Content/EngineDebugMaterials/BoneWeightMaterial.uasset" 149
"../../../Engine/Content/EngineDebugMaterials/GeomMaterial.uasset" 150
"../../../Engine/Content/EngineMaterials/EditorBrushMaterial.uasset" 151
"../../../Engine/Content/EngineMeshes/Cube.uasset" 152
"../../../Engine/Content/MobileResources/T_MobileControls_texture.uasset" 153
"../../../Engine/Content/MobileResources/HUD/AnalogHat.uasset" 154
"../../../Engine/Content/MobileResources/HUD/MobileHUDButton1_off.uasset" 155
"../../../Engine/Content/MobileResources/HUD/MobileHUDButton2_off.uasset" 156
"../../../Engine/Content/MobileResources/HUD/MobileHUDButtonFire.uasset" 157
"../../../Engine/Content/MobileResources/HUD/MobileHUDDirectionPad2.uasset" 158
"../../../Engine/Content/MobileResources/HUD/MobileHUDDirectionStick.uasset" 159
"../../../Engine/Content/MobileResources/HUD/T_Castle_ThumbstickOutter.uasset" 160
"../../../Engine/Content/Tutorial/Basics/TutorialAssets/icon_tab_Levels_40x.uasset" 161
"../../../Engine/Content/Tutorial/BlueprintTutorials/TutorialAssets/BlueprintInterface_64x.uasset" 162
"../../../Engine/Content/Tutorial/BlueprintTutorials/TutorialAssets/BlueprintMacroLibrary_64x.uasset" 163
"../../../Engine/Content/Tutorial/BlueprintTutorials/TutorialAssets/Blueprint_64x.uasset" 164
"../../../Engine/Content/Tutorial/BlueprintTutorials/TutorialAssets/Tutorial_BP_Interface.uasset" 165
"../../../Engine/Content/Tutorial/Foliage/TutorialAssets/Foliage.uasset" 166
"../../../Engine/Content/Tutorial/Landscape/TutorialAssets/Landscape.uasset" 167
"../../../Engine/Content/Tutorial/Paper2D/TutorialAssets/Paper2DFlipbook_TutorialIcon.uasset" 168
"../../../Engine/Content/Tutorial/Paper2D/TutorialAssets/Paper2DSprite_TutorialIcon.uasset" 169
"../../../Engine/Content/Tutorial/SubEditors/TutorialAssets/icon_Editor_Preferences_General_40x.uasset" 170
"../../../Engine/Content/Tutorial/SubEditors/TutorialAssets/icon_ShowSkeletalMeshes_40x.uasset" 171
"../../../Engine/Content/Tutorial/SubEditors/TutorialAssets/TutorialMaterial.uasset" 172
"../../../Engine/Content/Tutorial/SubEditors/TutorialAssets/T_SmokeSubUV_8X8.uasset" 173
"../../../Engine/Content/Tutorial/SubEditors/TutorialAssets/T_soft_smoke.uasset" 174
"../../../Engine/Content/Tutorial/SubEditors/TutorialAssets/M_smoke_subUV_blackbody.uasset" 175
"../../../Engine/Content/Tutorial/SubEditors/TutorialAssets/TutorialParticleSystem.uasset" 176
"../../../Engine/Content/Tutorial/SubEditors/TutorialAssets/Tutorial_DM.uasset" 177
"../../../LateralAdventure/Content/SideScrollerBP/Blueprints/enemies/AdvancedEnemies/BaseEnemy.uasset" 178
"../../../LateralAdventure/Content/SideScrollerBP/Blueprints/enemies/AdvancedEnemies/Materials/M_EnemyFragments.uasset" 179
"../../../LateralAdventure/Content/SideScrollerBP/Blueprints/enemies/AdvancedEnemies/Materials/M_WireframeMasterEnemy.uasset" 180
"../../../LateralAdventure/Content/SideScrollerBP/Blueprints/enemies/AdvancedEnemies/Materials/M_WireframeMasterEnemy_Inst_blue.uasset" 181
"../../../LateralAdventure/Content/SideScrollerBP/Blueprints/enemies/AdvancedEnemies/Meshes/SM_StarEnemy.uasset" 182
"../../../LateralAdventure/Content/SideScrollerBP/Blueprints/enemies/AdvancedEnemies/Meshes/SM_StarEnemyChild.uasset" 183
"../../../LateralAdventure/Content/SideScrollerBP/Blueprints/enemies/AdvancedEnemies/Meshes/SM_WeaponFragment.uasset" 184
"../../../LateralAdventure/Content/SideScrollerBP/Blueprints/enemies/AdvancedEnemies/Particles/PFX_EnemyExplosion.uasset" 185
"../../../LateralAdventure/Content/Mannequin/Animations/ThirdPerson_Jump.uasset" 186
"../../../LateralAdventure/Content/Mannequin/Animations/ThirdPersonJump_Loop.uasset" 187
"../../../LateralAdventure/Content/Mannequin/Animations/ThirdPersonJump_Start.uasset" 188
"../../../LateralAdventure/Content/Mannequin/Animations/ThirdPersonIdle.uasset" 189
"../../../LateralAdventure/Content/Mannequin/Animations/ThirdPersonRun.uasset" 190
"../../../LateralAdventure/Content/Mannequin/Animations/ThirdPersonWalk.uasset" 191
"../../../LateralAdventure/Content/Mannequin/Animations/ThirdPerson_IdleRun_2D.uasset" 192
"../../../Engine/Content/EditorBlueprintResources/StandardMacros.uasset" 193
"../../../LateralAdventure/Content/Mannequin/Animations/ThirdPerson_AnimBP.uasset" 194
"../../../LateralAdventure/Content/SideScrollerBP/Blueprints/SideGameState.uasset" 195
"../../../LateralAdventure/Content/SideScrollerBP/Textures/ouch2.uasset" 196
"../../../LateralAdventure/Content/SideScrollerBP/Blueprints/Widgets.uasset" 197
"../../../LateralAdventure/Content/SideScrollerBP/Blueprints/PlayerHUD.uasset" 198
"../../../LateralAdventure/Content/SideScrollerBP/Blueprints/SideScrollerGameMode.uasset" 199
"../../../LateralAdventure/Content/StarterContent/Textures/T_MacroVariation.uasset" 200
"../../../LateralAdventure/Content/StarterContent/Textures/T_Tech_Hex_Tile_M.uasset" 201
"../../../LateralAdventure/Content/StarterContent/Textures/T_Tech_Hex_Tile_N.uasset" 202
"../../../LateralAdventure/Content/StarterContent/Materials/M_Tech_Hex_Tile_Pulse.uasset" 203
"../../../Engine/Content/Functions/Engine_MaterialFunctions02/Utility/BlendAngleCorrectedNormals.uasset" 204
"../../../Engine/Content/Functions/MaterialLayerFunctions/MatLayerBlend_NormalBlend.uasset" 205
"../../../Engine/Content/Functions/MaterialLayerFunctions/MatLayerBlend_Simple.uasset" 206
"../../../LateralAdventure/Content/Mannequin/Character/Materials/MaterialLayers/T_ML_Rubber_Blue_01_D.uasset" 207
"../../../LateralAdventure/Content/Mannequin/Character/Materials/MaterialLayers/T_ML_Rubber_Blue_01_N.uasset" 208
"../../../LateralAdventure/Content/Mannequin/Character/Materials/MaterialLayers/ML_GlossyBlack_Latex_UE4.uasset" 209
"../../../LateralAdventure/Content/Mannequin/Character/Materials/MaterialLayers/ML_Plastic_Shiny_Beige.uasset" 210
"../../../LateralAdventure/Content/Mannequin/Character/Textures/UE4_LOGO_CARD.uasset" 211
"../../../LateralAdventure/Content/Mannequin/Character/Materials/MaterialLayers/ML_Plastic_Shiny_Beige_LOGO.uasset" 212
"../../../LateralAdventure/Content/Mannequin/Character/Materials/MaterialLayers/T_ML_Aluminum01.uasset" 213
"../../../LateralAdventure/Content/Mannequin/Character/Materials/MaterialLayers/T_ML_Aluminum01_N.uasset" 214
"../../../LateralAdventure/Content/Mannequin/Character/Materials/MaterialLayers/ML_SoftMetal_UE4.uasset" 215
"../../../LateralAdventure/Content/Mannequin/Character/Textures/UE4_Mannequin__normals.uasset" 216
"../../../LateralAdventure/Content/Mannequin/Character/Textures/UE4_Mannequin_MAT_MASKA.uasset" 217
"../../../LateralAdventure/Content/Mannequin/Character/Materials/M_UE4Man_Body.uasset" 218
"../../../LateralAdventure/Content/Mannequin/Character/Textures/UE4Man_Logo_N.uasset" 219
"../../../LateralAdventure/Content/Mannequin/Character/Materials/M_UE4Man_ChestLogo.uasset" 220
"../../../LateralAdventure/Content/Mannequin/Character/Mesh/SK_Mannequin_PhysicsAsset.uasset" 221
"../../../LateralAdventure/Content/Mannequin/Character/Mesh/SK_Mannequin.uasset" 222
"../../../LateralAdventure/Content/SideScrollerBP/Blueprints/SideScrollerCharacter.uasset" 223
"../../../LateralAdventure/Content/StarterContent/Textures/T_Statue_M.uasset" 224
"../../../LateralAdventure/Content/StarterContent/Textures/T_Statue_N.uasset" 225
"../../../LateralAdventure/Content/StarterContent/Props/Materials/M_Statue.uasset" 226
"../../../LateralAdventure/Content/SideScrollerBP/Meshes/SM_Wing_Butterfly.uasset" 227
"../../../LateralAdventure/Content/StarterContent/Particles/P_Smoke.uasset" 228
"../../../LateralAdventure/Content/SideScrollerBP/Blueprints/PlayerObjects/BossterVelocity_B.uasset" 229
"../../../LateralAdventure/Content/StarterContent/Textures/T_Metal_Gold_D.uasset" 230
"../../../LateralAdventure/Content/StarterContent/Textures/T_Metal_Gold_N.uasset" 231
"../../../LateralAdventure/Content/StarterContent/Materials/M_Metal_Gold.uasset" 232
"../../../LateralAdventure/Content/StarterContent/Props/MaterialSphere.uasset" 233
"../../../LateralAdventure/Content/SideScrollerBP/Blueprints/PlayerObjects/Coin_B.uasset" 234
"../../../LateralAdventure/Content/SideScrollerBP/Materials/BlueMaterial.uasset" 235
"../../../LateralAdventure/Content/SideScrollerBP/Materials/MI_WorldSparks_Additive.uasset" 236
"../../../LateralAdventure/Content/SideScrollerBP/Materials/M_PlayerDistortion.uasset" 237
"../../../LateralAdventure/Content/SideScrollerBP/Materials/M_PlayerSkin.uasset" 238
"../../../LateralAdventure/Content/SideScrollerBP/Materials/M_PlayerTrail.uasset" 239
"../../../LateralAdventure/Content/SideScrollerBP/Materials/M_RainbowRibbon.uasset" 240
"../../../LateralAdventure/Content/SideScrollerBP/Materials/M_WingMaterial.uasset" 241
"../../../LateralAdventure/Content/SideScrollerBP/Materials/M_WingMaterial_Inst.uasset" 242
"../../../LateralAdventure/Content/SideScrollerBP/Materials/M_WorldSparks.uasset" 243
"../../../LateralAdventure/Content/SideScrollerBP/Materials/OrangeMaterial.uasset" 244
"../../../LateralAdventure/Content/SideScrollerBP/Textures/Bandera_d.uasset" 245
"../../../LateralAdventure/Content/SideScrollerBP/Materials/Bandera_Mat.uasset" 246
"../../../LateralAdventure/Content/SideScrollerBP/Meshes/Bandera.uasset" 247
"../../../LateralAdventure/Content/SideScrollerBP/Meshes/CubeMaterial.uasset" 248
"../../../LateralAdventure/Content/SideScrollerBP/Meshes/Ramp_Mesh.uasset" 249
"../../../LateralAdventure/Content/SideScrollerBP/Textures/wow.uasset" 250
"../../../LateralAdventure/Content/StarterContent/Architecture/Pillar_50x500.uasset" 251
"../../../LateralAdventure/Content/StarterContent/Architecture/Wall_400x300.uasset" 252
"../../../LateralAdventure/Content/StarterContent/Architecture/Wall_400x400.uasset" 253
"../../../LateralAdventure/Content/StarterContent/Architecture/Wall_500x500.uasset" 254
"../../../LateralAdventure/Content/StarterContent/Architecture/Wall_Door_400x400.uasset" 255
"../../../LateralAdventure/Content/StarterContent/Architecture/Wall_Window_400x400.uasset" 256
"../../../Engine/Content/EditorMeshes/ColorCalibrator/T_ColorGrid.uasset" 257
"../../../LateralAdventure/Content/StarterContent/Materials/M_ColorGrid_LowSpec.uasset" 258
"../../../LateralAdventure/Content/StarterContent/Textures/T_Bush_D.uasset" 259
"../../../LateralAdventure/Content/StarterContent/Textures/T_Bush_N.uasset" 260
"../../../LateralAdventure/Content/StarterContent/Props/Materials/M_Bush.uasset" 261
"../../../LateralAdventure/Content/StarterContent/Props/SM_Bush.uasset" 262
"../../../LateralAdventure/Content/StarterContent/Textures/T_Chair_M.uasset" 263
"../../../LateralAdventure/Content/StarterContent/Textures/T_Chair_N.uasset" 264
"../../../LateralAdventure/Content/StarterContent/Props/Materials/M_Chair.uasset" 265
"../../../LateralAdventure/Content/StarterContent/Props/SM_Couch.uasset" 266
"../../../LateralAdventure/Content/StarterContent/Materials/M_Glass.uasset" 267
"../../../LateralAdventure/Content/StarterContent/Textures/T_Door_M.uasset" 268
"../../../LateralAdventure/Content/StarterContent/Textures/T_Door_N.uasset" 269
"../../../LateralAdventure/Content/StarterContent/Props/Materials/M_Door.uasset" 270
"../../../LateralAdventure/Content/StarterContent/Props/SM_Door.uasset" 271
"../../../Engine/Content/EngineMaterials/DefaultNormal.uasset" 272
"../../../Engine/Content/Maps/Entry.umap" 273
"../../../LateralAdventure/Content/StarterContent/Audio/Fire01_Cue.uasset" 274
"../../../LateralAdventure/Content/StarterContent/Textures/T_Fire_SubUV.uasset" 275
"../../../LateralAdventure/Content/StarterContent/Textures/T_Fire_Tiled_D.uasset" 276
"../../../LateralAdventure/Content/StarterContent/Particles/Materials/M_Fire_SubUV.uasset" 277
"../../../LateralAdventure/Content/StarterContent/Textures/T_Water_N.uasset" 278
"../../../LateralAdventure/Content/StarterContent/Particles/Materials/M_Heat_Distortion.uasset" 279
"../../../LateralAdventure/Content/StarterContent/Particles/Materials/M_Radial_Gradient.uasset" 280
"../../../LateralAdventure/Content/StarterContent/Particles/P_Fire.uasset" 281
"../../../LateralAdventure/Content/StarterContent/Blueprints/Blueprint_Effect_Fire.uasset" 282
"../../../LateralAdventure/Content/StarterContent/Audio/Smoke01_Cue.uasset" 283
"../../../LateralAdventure/Content/StarterContent/Blueprints/Blueprint_Effect_Smoke.uasset" 284
"../../../LateralAdventure/Content/StarterContent/Audio/Fire_Sparks01_Cue.uasset" 285
"../../../LateralAdventure/Content/StarterContent/Textures/T_Spark_Core.uasset" 286
"../../../LateralAdventure/Content/StarterContent/Particles/Materials/M_Spark.uasset" 287
"../../../LateralAdventure/Content/StarterContent/Particles/P_Sparks.uasset" 288
"../../../LateralAdventure/Content/StarterContent/Blueprints/Blueprint_Effect_Sparks.uasset" 289
"../../../LateralAdventure/Content/StarterContent/Audio/Steam01_Cue.uasset" 290
"../../../LateralAdventure/Content/StarterContent/Particles/P_Steam_Lit.uasset" 291
"../../../LateralAdventure/Content/StarterContent/Blueprints/Blueprint_Effect_Steam.uasset" 292
"../../../Engine/Content/EngineSky/C_Sky_Cloud_Color.uasset" 293
"../../../Engine/Content/EngineSky/C_Sky_Horizon_Color.uasset" 294
"../../../Engine/Content/EngineSky/C_Sky_Zenith_Color.uasset" 295
"../../../Engine/Content/EngineSky/T_Sky_Blue.uasset" 296
"../../../Engine/Content/EngineSky/T_Sky_Clouds_M.uasset" 297
"../../../Engine/Content/EngineSky/T_Sky_Stars.uasset" 298
"../../../Engine/Content/EngineSky/M_Sky_Panning_Clouds2.uasset" 299
"../../../Engine/Content/EngineSky/SM_SkySphere.uasset" 300
"../../../Engine/Content/EngineSky/BP_Sky_Sphere.uasset" 301
"../../../LateralAdventure/Content/StarterContent/Textures/T_Lamp_M.uasset" 302
"../../../LateralAdventure/Content/StarterContent/Textures/T_Lamp_N.uasset" 303
"../../../LateralAdventure/Content/StarterContent/Props/Materials/M_Lamp.uasset" 304
"../../../LateralAdventure/Content/StarterContent/Props/SM_Lamp_Ceiling.uasset" 305
"../../../LateralAdventure/Content/StarterContent/Blueprints/Blueprint_CeilingLight.uasset" 306
"../../../LateralAdventure/Content/StarterContent/Props/SM_Lamp_Wall.uasset" 307
"../../../LateralAdventure/Content/StarterContent/Blueprints/Blueprint_WallSconce.uasset" 308
"../../../Engine/Content/Functions/Engine_MaterialFunctions03/Procedurals/ComputeFilterWidth.uasset" 309
"../../../Engine/Content/EngineMaterials/AntiAliasedTextMaterialTranslucent.uasset" 310
"../../../LateralAdventure/Content/StarterContent/Textures/T_Brick_Clay_Beveled_D.uasset" 311
"../../../LateralAdventure/Content/StarterContent/Textures/T_Brick_Clay_Beveled_M.uasset" 312
"../../../LateralAdventure/Content/StarterContent/Textures/T_Brick_Clay_Beveled_N.uasset" 313
"../../../LateralAdventure/Content/StarterContent/Materials/M_Brick_Clay_Beveled.uasset" 314
"../../../LateralAdventure/Content/StarterContent/Textures/T_Brick_Clay_New_D.uasset" 315
"../../../LateralAdventure/Content/StarterContent/Textures/T_Brick_Clay_New_M.uasset" 316
"../../../LateralAdventure/Content/StarterContent/Textures/T_Brick_Clay_New_N.uasset" 317
"../../../LateralAdventure/Content/StarterContent/Textures/T_Detail_Rocky_N.uasset" 318
"../../../LateralAdventure/Content/StarterContent/Materials/M_Brick_Clay_New.uasset" 319
"../../../LateralAdventure/Content/StarterContent/Textures/T_Brick_Clay_Old_D.uasset" 320
"../../../LateralAdventure/Content/StarterContent/Textures/T_Brick_Clay_Old_N.uasset" 321
"../../../LateralAdventure/Content/StarterContent/Textures/T_Perlin_Noise_M.uasset" 322
"../../../LateralAdventure/Content/StarterContent/Materials/M_Brick_Clay_Old.uasset" 323
"../../../LateralAdventure/Content/StarterContent/Textures/T_Brick_Cut_Stone_D.uasset" 324
"../../../LateralAdventure/Content/StarterContent/Textures/T_Brick_Cut_Stone_N.uasset" 325
"../../../LateralAdventure/Content/StarterContent/Materials/M_Brick_Cut_Stone.uasset" 326
"../../../LateralAdventure/Content/StarterContent/Textures/T_Brick_Hewn_Stone_D.uasset" 327
"../../../LateralAdventure/Content/StarterContent/Textures/T_Brick_Hewn_Stone_M.uasset" 328
"../../../LateralAdventure/Content/StarterContent/Textures/T_Brick_Hewn_Stone_N.uasset" 329
"../../../LateralAdventure/Content/StarterContent/Materials/M_Brick_Hewn_Stone.uasset" 330
"../../../LateralAdventure/Content/StarterContent/Textures/T_Ceramic_Tile_M.uasset" 331
"../../../LateralAdventure/Content/StarterContent/Textures/T_Ceramic_Tile_N.uasset" 332
"../../../LateralAdventure/Content/StarterContent/Textures/T_Rock_Marble_Polished_D.uasset" 333
"../../../LateralAdventure/Content/StarterContent/Materials/M_Ceramic_Tile_Checker.uasset" 334
"../../../LateralAdventure/Content/StarterContent/Textures/T_CobbleStone_Pebble_D.uasset" 335
"../../../LateralAdventure/Content/StarterContent/Textures/T_CobbleStone_Pebble_M.uasset" 336
"../../../LateralAdventure/Content/StarterContent/Textures/T_CobbleStone_Pebble_N.uasset" 337
"../../../LateralAdventure/Content/StarterContent/Materials/M_CobbleStone_Pebble.uasset" 338
"../../../LateralAdventure/Content/StarterContent/Textures/T_CobbleStone_Rough_D.uasset" 339
"../../../LateralAdventure/Content/StarterContent/Textures/T_CobbleStone_Rough_N.uasset" 340
"../../../LateralAdventure/Content/StarterContent/Textures/T_Gradinet_01.uasset" 341
"../../../LateralAdventure/Content/StarterContent/Textures/T_Rock_Smooth_Granite_D.uasset" 342
"../../../LateralAdventure/Content/StarterContent/Materials/M_CobbleStone_Rough.uasset" 343
"../../../LateralAdventure/Content/StarterContent/Textures/T_CobbleStone_Smooth_D.uasset" 344
"../../../LateralAdventure/Content/StarterContent/Textures/T_CobbleStone_Smooth_M.uasset" 345
"../../../LateralAdventure/Content/StarterContent/Textures/T_CobbleStone_Smooth_N.uasset" 346
"../../../LateralAdventure/Content/StarterContent/Materials/M_CobbleStone_Smooth.uasset" 347
"../../../LateralAdventure/Content/StarterContent/Textures/T_Concrete_Grime_D.uasset" 348
"../../../LateralAdventure/Content/StarterContent/Textures/T_Metal_Rust_N.uasset" 349
"../../../LateralAdventure/Content/StarterContent/Materials/M_Concrete_Grime.uasset" 350
"../../../LateralAdventure/Content/StarterContent/Textures/T_Concrete_Panels_D.uasset" 351
"../../../LateralAdventure/Content/StarterContent/Textures/T_Concrete_Panels_N.uasset" 352
"../../../LateralAdventure/Content/StarterContent/Materials/M_Concrete_Panels.uasset" 353
"../../../LateralAdventure/Content/StarterContent/Textures/T_Concrete_Poured_D.uasset" 354
"../../../LateralAdventure/Content/StarterContent/Textures/T_Concrete_Poured_N.uasset" 355
"../../../LateralAdventure/Content/StarterContent/Materials/M_Concrete_Poured.uasset" 356
"../../../LateralAdventure/Content/StarterContent/Textures/T_Concrete_Tiles_D.uasset" 357
"../../../LateralAdventure/Content/StarterContent/Textures/T_Concrete_Tiles_M.uasset" 358
"../../../LateralAdventure/Content/StarterContent/Textures/T_Concrete_Tiles_N.uasset" 359
"../../../LateralAdventure/Content/StarterContent/Textures/T_Concrete_Tiles_Variation_M.uasset" 360
"../../../LateralAdventure/Content/StarterContent/Materials/M_Concrete_Tiles.uasset" 361
"../../../LateralAdventure/Content/StarterContent/Textures/T_Ground_Grass_D.uasset" 362
"../../../LateralAdventure/Content/StarterContent/Textures/T_Ground_Grass_N.uasset" 363
"../../../LateralAdventure/Content/StarterContent/Materials/M_Ground_Grass.uasset" 364
"../../../LateralAdventure/Content/StarterContent/Textures/T_Ground_Gravel_D.uasset" 365
"../../../LateralAdventure/Content/StarterContent/Textures/T_Ground_Gravel_N.uasset" 366
"../../../LateralAdventure/Content/StarterContent/Materials/M_Ground_Gravel.uasset" 367
"../../../LateralAdventure/Content/StarterContent/Textures/T_ground_Moss_D.uasset" 368
"../../../LateralAdventure/Content/StarterContent/Textures/T_Ground_Moss_N.uasset" 369
"../../../LateralAdventure/Content/StarterContent/Materials/M_Ground_Moss.uasset" 370
"../../../LateralAdventure/Content/StarterContent/Materials/M_Metal_Brushed_Nickel.uasset" 371
"../../../LateralAdventure/Content/StarterContent/Textures/T_Metal_Aluminum_D.uasset" 372
"../../../LateralAdventure/Content/StarterContent/Materials/M_Metal_Burnished_Steel.uasset" 373
"../../../LateralAdventure/Content/StarterContent/Materials/M_Metal_Chrome.uasset" 374
"../../../LateralAdventure/Content/StarterContent/Textures/T_Metal_Copper_D.uasset" 375
"../../../LateralAdventure/Content/StarterContent/Materials/M_Metal_Copper.uasset" 376
"../../../LateralAdventure/Content/StarterContent/Textures/T_Metal_Rust_D.uasset" 377
"../../../LateralAdventure/Content/StarterContent/Materials/M_Metal_Rust.uasset" 378
"../../../LateralAdventure/Content/StarterContent/Textures/T_Metal_Steel_D.uasset" 379
"../../../LateralAdventure/Content/StarterContent/Textures/T_Metal_Steel_N.uasset" 380
"../../../LateralAdventure/Content/StarterContent/Materials/M_Metal_Steel.uasset" 381
"../../../LateralAdventure/Content/StarterContent/Textures/T_Rock_Basalt_D.uasset" 382
"../../../LateralAdventure/Content/StarterContent/Textures/T_Rock_Basalt_N.uasset" 383
"../../../LateralAdventure/Content/StarterContent/Materials/M_Rock_Basalt.uasset" 384
"../../../LateralAdventure/Content/StarterContent/Materials/M_Rock_Marble_Polished.uasset" 385
"../../../LateralAdventure/Content/StarterContent/Textures/T_Rock_Sandstone_D.uasset" 386
"../../../LateralAdventure/Content/StarterContent/Textures/T_Rock_Sandstone_N.uasset" 387
"../../../LateralAdventure/Content/StarterContent/Materials/M_Rock_Sandstone.uasset" 388
"../../../LateralAdventure/Content/StarterContent/Textures/T_Rock_Slate_D.uasset" 389
"../../../LateralAdventure/Content/StarterContent/Textures/T_Rock_Slate_N.uasset" 390
"../../../LateralAdventure/Content/StarterContent/Materials/M_Rock_Slate.uasset" 391
"../../../LateralAdventure/Content/StarterContent/Textures/T_Checker_Noise_M.uasset" 392
"../../../LateralAdventure/Content/StarterContent/Textures/T_Single_Tile_N.uasset" 393
"../../../LateralAdventure/Content/StarterContent/Textures/T_Tech_Dot_M.uasset" 394
"../../../LateralAdventure/Content/StarterContent/Textures/T_Tech_Dot_N.uasset" 395
"../../../LateralAdventure/Content/StarterContent/Materials/M_Tech_Checker_Dot.uasset" 396
"../../../LateralAdventure/Content/StarterContent/Materials/M_Tech_Hex_Tile.uasset" 397
"../../../LateralAdventure/Content/StarterContent/Textures/T_Tech_Panel_M.uasset" 398
"../../../LateralAdventure/Content/StarterContent/Textures/T_Tech_Panel_N.uasset" 399
"../../../LateralAdventure/Content/StarterContent/Materials/M_Tech_Panel.uasset" 400
"../../../LateralAdventure/Content/StarterContent/Materials/M_Water_Lake.uasset" 401
"../../../LateralAdventure/Content/StarterContent/Textures/T_Water_M.uasset" 402
"../../../LateralAdventure/Content/StarterContent/Materials/M_Water_Ocean.uasset" 403
"../../../LateralAdventure/Content/StarterContent/Textures/T_Wood_Floor_Walnut_D.uasset" 404
"../../../LateralAdventure/Content/StarterContent/Textures/T_Wood_Floor_Walnut_M.uasset" 405
"../../../LateralAdventure/Content/StarterContent/Textures/T_Wood_Floor_Walnut_N.uasset" 406
"../../../LateralAdventure/Content/StarterContent/Materials/M_Wood_Floor_Walnut_Polished.uasset" 407
"../../../Engine/Content/Functions/Engine_MaterialFunctions01/Opacity/AlphaOffset.uasset" 408
"../../../LateralAdventure/Content/StarterContent/Materials/M_Wood_Floor_Walnut_Worn.uasset" 409
"../../../LateralAdventure/Content/StarterContent/Textures/T_Wood_Oak_D.uasset" 410
"../../../LateralAdventure/Content/StarterContent/Textures/T_Wood_Oak_N.uasset" 411
"../../../LateralAdventure/Content/StarterContent/Materials/M_Wood_Oak.uasset" 412
"../../../LateralAdventure/Content/StarterContent/Textures/T_Wood_Pine_D.uasset" 413
"../../../LateralAdventure/Content/StarterContent/Textures/T_Wood_Pine_N.uasset" 414
"../../../LateralAdventure/Content/StarterContent/Materials/M_Wood_Pine.uasset" 415
"../../../LateralAdventure/Content/StarterContent/Textures/T_Wood_Walnut_D.uasset" 416
"../../../LateralAdventure/Content/StarterContent/Textures/T_Wood_Walnut_N.uasset" 417
"../../../LateralAdventure/Content/StarterContent/Materials/M_Wood_Walnut.uasset" 418
"../../../LateralAdventure/Content/StarterContent/Architecture/Floor_400x400.uasset" 419
"../../../LateralAdventure/Content/StarterContent/Architecture/Wall_400x200.uasset" 420
"../../../LateralAdventure/Content/StarterContent/Architecture/Wall_Door_400x300.uasset" 421
"../../../LateralAdventure/Content/StarterContent/Architecture/Wall_Window_400x300.uasset" 422
"../../../LateralAdventure/Content/StarterContent/Audio/Collapse_Cue.uasset" 423
"../../../LateralAdventure/Content/StarterContent/Audio/Starter_Background_Cue.uasset" 424
"../../../LateralAdventure/Content/StarterContent/Audio/Starter_Music_Cue.uasset" 425
"../../../LateralAdventure/Content/StarterContent/Textures/T_Dust_Particle_D.uasset" 426
"../../../LateralAdventure/Content/StarterContent/Particles/Materials/M_Dust_Particle.uasset" 427
"../../../LateralAdventure/Content/StarterContent/Particles/P_Ambient_Dust.uasset" 428
"../../../LateralAdventure/Content/StarterContent/Props/SM_Chair.uasset" 429
"../../../LateralAdventure/Content/StarterContent/Textures/T_Frame_M.uasset" 430
"../../../LateralAdventure/Content/StarterContent/Textures/T_Frame_N.uasset" 431
"../../../LateralAdventure/Content/StarterContent/Props/Materials/M_Frame.uasset" 432
"../../../LateralAdventure/Content/StarterContent/Props/SM_CornerFrame.uasset" 433
"../../../LateralAdventure/Content/StarterContent/Props/SM_DoorFrame.uasset" 434
"../../../LateralAdventure/Content/StarterContent/Props/SM_GlassWindow.uasset" 435
"../../../LateralAdventure/Content/StarterContent/Props/SM_PillarFrame.uasset" 436
"../../../LateralAdventure/Content/StarterContent/Props/SM_PillarFrame300.uasset" 437
"../../../LateralAdventure/Content/StarterContent/Props/Materials/M_StatueGlass.uasset" 438
"../../../LateralAdventure/Content/StarterContent/Props/SM_Statue.uasset" 439
"../../../LateralAdventure/Content/StarterContent/Textures/T_TableRound_M.uasset" 440
"../../../LateralAdventure/Content/StarterContent/Textures/T_TableRound_N.uasset" 441
"../../../LateralAdventure/Content/StarterContent/Props/Materials/M_TableRound.uasset" 442
"../../../LateralAdventure/Content/StarterContent/Props/SM_TableRound.uasset" 443
"../../../LateralAdventure/Content/StarterContent/Props/SM_WindowFrame.uasset" 444
"../../../LateralAdventure/Content/StarterContent/Shapes/Shape_Cube.uasset" 445
"../../../LateralAdventure/Content/StarterContent/Shapes/Shape_QuadPyramid.uasset" 446
"../../../LateralAdventure/Content/StarterContent/Shapes/Shape_Sphere.uasset" 447
"../../../LateralAdventure/Content/StarterContent/Maps/StarterMap.umap" 448
"../../../LateralAdventure/Content/StarterContent/Maps/Minimal_Default.umap" 449
"../../../LateralAdventure/Content/StarterContent/Blueprints/Assets/FogBrightnessLUT.uasset" 450
"../../../LateralAdventure/Content/StarterContent/Blueprints/Assets/SunlightColorLUT.uasset" 451
"../../../LateralAdventure/Content/StarterContent/Blueprints/Assets/M_LightStage_Arrows.uasset" 452
"../../../Engine/Content/MapTemplates/Sky/DaylightAmbientCubemap.uasset" 453
"../../../LateralAdventure/Content/StarterContent/Blueprints/Assets/M_LightStage_Skybox_Master.uasset" 454
"../../../LateralAdventure/Content/StarterContent/Blueprints/Assets/M_LightStage_Skybox_Black.uasset" 455
"../../../LateralAdventure/Content/StarterContent/Blueprints/Assets/M_LightStage_Skybox_HDRI.uasset" 456
"../../../Engine/Content/EditorMaterials/Thumbnails/SkySphereMaterial.uasset" 457
"../../../LateralAdventure/Content/StarterContent/Blueprints/Assets/Skybox.uasset" 458
"../../../LateralAdventure/Content/StarterContent/Blueprints/Assets/SM_Arrows.uasset" 459
"../../../LateralAdventure/Content/StarterContent/HDRI/HDRI_Epic_Courtyard_Daylight.uasset" 460
"../../../LateralAdventure/Content/StarterContent/Blueprints/BP_LightStudio.uasset" 461
"../../../LateralAdventure/Content/StarterContent/Materials/M_AssetPlatform.uasset" 462
"../../../Engine/Content/EditorMeshes/ColorCalibrator/M_ChromeBall.uasset" 463
"../../../Engine/Content/EditorMeshes/ColorCalibrator/M_ClearCoat.uasset" 464
"../../../Engine/Content/EditorMeshes/ColorCalibrator/M_ClearCoatBlack.uasset" 465
"../../../Engine/Content/EditorMeshes/ColorCalibrator/M_ColorGrid.uasset" 466
"../../../Engine/Content/EditorMeshes/ColorCalibrator/M_GreyBall.uasset" 467
"../../../Engine/Content/EditorMeshes/ColorCalibrator/SM_ColorCalibrator.uasset" 468
"../../../LateralAdventure/Content/StarterContent/Architecture/SM_AssetPlatform.uasset" 469
"../../../LateralAdventure/Content/StarterContent/Maps/Advanced_Lighting.umap" 470
"../../../LateralAdventure/Content/SideScrollerBP/Textures/BlackHole.uasset" 471
"../../../LateralAdventure/Content/SideScrollerBP/Materials/BlackHole_Mat.uasset" 472
"../../../LateralAdventure/Content/SideScrollerBP/Meshes/JumpPad_M.uasset" 473
"../../../LateralAdventure/Content/StarterContent/Audio/Explosion02.uasset" 474
"../../../LateralAdventure/Content/SideScrollerBP/Blueprints/enviroment/BlackHole_B.uasset" 475
"../../../LateralAdventure/Content/SideScrollerBP/Blueprints/enemies/AdvancedEnemies/Materials/M_MasterEnemy.uasset" 476
"../../../LateralAdventure/Content/SideScrollerBP/Particles/PFX_PlayerTrail.uasset" 477
"../../../LateralAdventure/Content/SideScrollerBP/Blueprints/enemies/ArrowsEnemy.uasset" 478
"../../../LateralAdventure/Content/SideScrollerBP/Meshes/PinchosGame.uasset" 479
"../../../LateralAdventure/Content/SideScrollerBP/Blueprints/enemies/ChafferEnemy.uasset" 480
"../../../LateralAdventure/Content/StarterContent/Shapes/Shape_Torus.uasset" 481
"../../../LateralAdventure/Content/SideScrollerBP/Blueprints/enviroment/CheckPoint_B.uasset" 482
"../../../LateralAdventure/Content/SideScrollerBP/Blueprints/enviroment/decoration/LightActivator.uasset" 483
"../../../LateralAdventure/Content/SideScrollerBP/Blueprints/enemies/AdvancedEnemies/Materials/M_Master_blue.uasset" 484
"../../../LateralAdventure/Content/SideScrollerBP/Blueprints/enemies/AdvancedEnemies/Meshes/SM_SpikeEnemy.uasset" 485
"../../../LateralAdventure/Content/SideScrollerBP/Blueprints/enviroment/decoration/Rotatory_mesh.uasset" 486
"../../../LateralAdventure/Content/StarterContent/Shapes/Shape_Pipe_180.uasset" 487
"../../../LateralAdventure/Content/SideScrollerBP/Blueprints/enviroment/decoration/up_down_mesh.uasset" 488
"../../../Engine/Content/BasicShapes/Cube.uasset" 489
"../../../LateralAdventure/Content/SideScrollerBP/Blueprints/enviroment/Door.uasset" 490
"../../../LateralAdventure/Content/SideScrollerBP/Materials/M_TargetReticle.uasset" 491
"../../../LateralAdventure/Content/StarterContent/Shapes/Shape_Plane.uasset" 492
"../../../LateralAdventure/Content/SideScrollerBP/Blueprints/enviroment/HiddenSipkes_B.uasset" 493
"../../../LateralAdventure/Content/SideScrollerBP/Textures/JumpPad_d.uasset" 494
"../../../LateralAdventure/Content/SideScrollerBP/Materials/Jumpad_M.uasset" 495
"../../../LateralAdventure/Content/SideScrollerBP/Blueprints/enviroment/Jumpad_B.uasset" 496
"../../../LateralAdventure/Content/Geometry/Meshes/1M_Cube.uasset" 497
"../../../LateralAdventure/Content/SideScrollerBP/Blueprints/enviroment/RoatingBlock.uasset" 498
"../../../LateralAdventure/Content/SideScrollerBP/Blueprints/enviroment/Spikes_B.uasset" 499
"../../../LateralAdventure/Content/SideScrollerBP/Materials/BaseMaterial.uasset" 500
"../../../LateralAdventure/Content/SideScrollerBP/Blueprints/enviroment/TransversalDoor.uasset" 501
"../../../LateralAdventure/Content/SideScrollerBP/Materials/M_PlayerRim.uasset" 502
"../../../LateralAdventure/Content/SideScrollerBP/Meshes/SM_TargetMesh.uasset" 503
"../../../LateralAdventure/Content/SideScrollerBP/Blueprints/PlayerObjects/Criptonic.uasset" 504
"../../../LateralAdventure/Content/StarterContent/Textures/T_RockMesh_M.uasset" 505
"../../../LateralAdventure/Content/StarterContent/Textures/T_RockMesh_N.uasset" 506
"../../../LateralAdventure/Content/StarterContent/Props/Materials/M_Rock.uasset" 507
"../../../LateralAdventure/Content/StarterContent/Props/SM_Rock.uasset" 508
"../../../LateralAdventure/Content/SideScrollerBP/Blueprints/PlayerObjects/RollingPill_B.uasset" 509
"../../../LateralAdventure/Content/Geometry/Meshes/TemplateFloor.uasset" 510
"../../../LateralAdventure/Content/SideScrollerBP/Audio/Level0_Cue.uasset" 511
"../../../LateralAdventure/Content/SideScrollerBP/Meshes/SM_PlayerCenter.uasset" 512
"../../../LateralAdventure/Content/StarterContent/Shapes/Shape_Cylinder.uasset" 513
"../../../LateralAdventure/Content/StarterContent/Shapes/Shape_Trim.uasset" 514
"../../../LateralAdventure/Content/StarterContent/Shapes/Shape_Trim_90_In.uasset" 515
"../../../LateralAdventure/Content/StarterContent/Shapes/Shape_Trim_90_Out.uasset" 516
"../../../LateralAdventure/Content/StarterContent/Shapes/Shape_Tube.uasset" 517
"../../../LateralAdventure/Content/StarterContent/Shapes/Shape_Wedge_B.uasset" 518
"../../../LateralAdventure/Content/SideScrollerBP/Maps/Level1.umap" 519
